<?xml version="1.0" encoding="UTF-8"?>
<!-- Generated by org.testng.reporters.JUnitReportReporter -->
<testsuite skipped="0" hostname="DESKTOP-V10I7DJ" name="com.automation.test.Print" tests="1" failures="0" timestamp="17 Feb 2020 06:04:52 GMT" time="0.017" errors="0">
  <testcase name="sumtest" time="0.017" classname="com.automation.test.Print"/>
</testsuite> <!-- com.automation.test.Print -->
